<?xml version="1.0" encoding="UTF-8"?>
<testsuite xmlns:xsi="http://www.w3.org/2001/XMLSchema-instance" xsi:noNamespaceSchemaLocation="https://maven.apache.org/surefire/maven-failsafe-plugin/xsd/failsafe-test-report-3.0.xsd" version="3.0" name="Customer.journey.CustomerIntegrationTest" time="6.728" tests="3" errors="0" skipped="0" failures="0">
  <properties>
    <property name="java.specification.version" value="19"/>
    <property name="sun.cpu.isalist" value="amd64"/>
    <property name="sun.jnu.encoding" value="Cp1250"/>
    <property name="java.class.path" value="C:\Users\023da\OneDrive\Pulpit\Projects\Customer\Customer\target\test-classes;C:\Users\023da\OneDrive\Pulpit\Projects\Customer\Customer\target\classes;C:\Users\023da\.m2\repository\org\postgresql\postgresql\42.5.0\postgresql-42.5.0.jar;C:\Users\023da\.m2\repository\org\checkerframework\checker-qual\3.5.0\checker-qual-3.5.0.jar;C:\Users\023da\.m2\repository\org\springframework\boot\spring-boot-starter-data-jpa\3.0.0-RC1\spring-boot-starter-data-jpa-3.0.0-RC1.jar;C:\Users\023da\.m2\repository\org\springframework\boot\spring-boot-starter-aop\3.0.0-RC1\spring-boot-starter-aop-3.0.0-RC1.jar;C:\Users\023da\.m2\repository\org\springframework\spring-aop\6.0.0-RC2\spring-aop-6.0.0-RC2.jar;C:\Users\023da\.m2\repository\org\aspectj\aspectjweaver\1.9.9.1\aspectjweaver-1.9.9.1.jar;C:\Users\023da\.m2\repository\org\springframework\boot\spring-boot-starter-jdbc\3.0.0-RC1\spring-boot-starter-jdbc-3.0.0-RC1.jar;C:\Users\023da\.m2\repository\com\zaxxer\HikariCP\5.0.1\HikariCP-5.0.1.jar;C:\Users\023da\.m2\repository\org\springframework\spring-jdbc\6.0.0-RC2\spring-jdbc-6.0.0-RC2.jar;C:\Users\023da\.m2\repository\org\hibernate\orm\hibernate-core\6.1.4.Final\hibernate-core-6.1.4.Final.jar;C:\Users\023da\.m2\repository\jakarta\persistence\jakarta.persistence-api\3.0.0\jakarta.persistence-api-3.0.0.jar;C:\Users\023da\.m2\repository\jakarta\transaction\jakarta.transaction-api\2.0.1\jakarta.transaction-api-2.0.1.jar;C:\Users\023da\.m2\repository\org\jboss\logging\jboss-logging\3.5.0.Final\jboss-logging-3.5.0.Final.jar;C:\Users\023da\.m2\repository\org\hibernate\common\hibernate-commons-annotations\6.0.2.Final\hibernate-commons-annotations-6.0.2.Final.jar;C:\Users\023da\.m2\repository\org\jboss\jandex\2.4.2.Final\jandex-2.4.2.Final.jar;C:\Users\023da\.m2\repository\com\fasterxml\classmate\1.5.1\classmate-1.5.1.jar;C:\Users\023da\.m2\repository\net\bytebuddy\byte-buddy\1.12.18\byte-buddy-1.12.18.jar;C:\Users\023da\.m2\repository\org\glassfish\jaxb\jaxb-runtime\3.0.2\jaxb-runtime-3.0.2.jar;C:\Users\023da\.m2\repository\org\glassfish\jaxb\jaxb-core\3.0.2\jaxb-core-3.0.2.jar;C:\Users\023da\.m2\repository\org\glassfish\jaxb\txw2\3.0.2\txw2-3.0.2.jar;C:\Users\023da\.m2\repository\com\sun\istack\istack-commons-runtime\4.0.1\istack-commons-runtime-4.0.1.jar;C:\Users\023da\.m2\repository\jakarta\inject\jakarta.inject-api\2.0.0\jakarta.inject-api-2.0.0.jar;C:\Users\023da\.m2\repository\org\antlr\antlr4-runtime\4.10.1\antlr4-runtime-4.10.1.jar;C:\Users\023da\.m2\repository\org\springframework\data\spring-data-jpa\3.0.0-RC1\spring-data-jpa-3.0.0-RC1.jar;C:\Users\023da\.m2\repository\org\springframework\data\spring-data-commons\3.0.0-RC1\spring-data-commons-3.0.0-RC1.jar;C:\Users\023da\.m2\repository\org\springframework\spring-orm\6.0.0-RC2\spring-orm-6.0.0-RC2.jar;C:\Users\023da\.m2\repository\org\springframework\spring-context\6.0.0-RC2\spring-context-6.0.0-RC2.jar;C:\Users\023da\.m2\repository\org\springframework\spring-tx\6.0.0-RC2\spring-tx-6.0.0-RC2.jar;C:\Users\023da\.m2\repository\org\springframework\spring-beans\6.0.0-RC2\spring-beans-6.0.0-RC2.jar;C:\Users\023da\.m2\repository\jakarta\annotation\jakarta.annotation-api\2.0.0\jakarta.annotation-api-2.0.0.jar;C:\Users\023da\.m2\repository\org\springframework\spring-aspects\6.0.0-RC2\spring-aspects-6.0.0-RC2.jar;C:\Users\023da\.m2\repository\org\springframework\boot\spring-boot-starter-web\3.0.0-RC1\spring-boot-starter-web-3.0.0-RC1.jar;C:\Users\023da\.m2\repository\org\springframework\boot\spring-boot-starter\3.0.0-RC1\spring-boot-starter-3.0.0-RC1.jar;C:\Users\023da\.m2\repository\org\springframework\boot\spring-boot\3.0.0-RC1\spring-boot-3.0.0-RC1.jar;C:\Users\023da\.m2\repository\org\springframework\boot\spring-boot-autoconfigure\3.0.0-RC1\spring-boot-autoconfigure-3.0.0-RC1.jar;C:\Users\023da\.m2\repository\org\springframework\boot\spring-boot-starter-logging\3.0.0-RC1\spring-boot-starter-logging-3.0.0-RC1.jar;C:\Users\023da\.m2\repository\ch\qos\logback\logback-classic\1.4.4\logback-classic-1.4.4.jar;C:\Users\023da\.m2\repository\ch\qos\logback\logback-core\1.4.4\logback-core-1.4.4.jar;C:\Users\023da\.m2\repository\org\apache\logging\log4j\log4j-to-slf4j\2.19.0\log4j-to-slf4j-2.19.0.jar;C:\Users\023da\.m2\repository\org\apache\logging\log4j\log4j-api\2.19.0\log4j-api-2.19.0.jar;C:\Users\023da\.m2\repository\org\slf4j\jul-to-slf4j\2.0.3\jul-to-slf4j-2.0.3.jar;C:\Users\023da\.m2\repository\org\yaml\snakeyaml\1.33\snakeyaml-1.33.jar;C:\Users\023da\.m2\repository\org\springframework\boot\spring-boot-starter-json\3.0.0-RC1\spring-boot-starter-json-3.0.0-RC1.jar;C:\Users\023da\.m2\repository\com\fasterxml\jackson\core\jackson-databind\2.14.0-rc2\jackson-databind-2.14.0-rc2.jar;C:\Users\023da\.m2\repository\com\fasterxml\jackson\core\jackson-core\2.14.0-rc2\jackson-core-2.14.0-rc2.jar;C:\Users\023da\.m2\repository\com\fasterxml\jackson\datatype\jackson-datatype-jdk8\2.14.0-rc2\jackson-datatype-jdk8-2.14.0-rc2.jar;C:\Users\023da\.m2\repository\com\fasterxml\jackson\datatype\jackson-datatype-jsr310\2.14.0-rc2\jackson-datatype-jsr310-2.14.0-rc2.jar;C:\Users\023da\.m2\repository\com\fasterxml\jackson\module\jackson-module-parameter-names\2.14.0-rc2\jackson-module-parameter-names-2.14.0-rc2.jar;C:\Users\023da\.m2\repository\org\springframework\boot\spring-boot-starter-tomcat\3.0.0-RC1\spring-boot-starter-tomcat-3.0.0-RC1.jar;C:\Users\023da\.m2\repository\org\apache\tomcat\embed\tomcat-embed-core\10.0.27\tomcat-embed-core-10.0.27.jar;C:\Users\023da\.m2\repository\org\apache\tomcat\embed\tomcat-embed-el\10.0.27\tomcat-embed-el-10.0.27.jar;C:\Users\023da\.m2\repository\org\apache\tomcat\embed\tomcat-embed-websocket\10.0.27\tomcat-embed-websocket-10.0.27.jar;C:\Users\023da\.m2\repository\org\springframework\spring-web\6.0.0-RC2\spring-web-6.0.0-RC2.jar;C:\Users\023da\.m2\repository\io\micrometer\micrometer-observation\1.10.0-RC1\micrometer-observation-1.10.0-RC1.jar;C:\Users\023da\.m2\repository\io\micrometer\micrometer-commons\1.10.0-RC1\micrometer-commons-1.10.0-RC1.jar;C:\Users\023da\.m2\repository\org\springframework\spring-webmvc\6.0.0-RC2\spring-webmvc-6.0.0-RC2.jar;C:\Users\023da\.m2\repository\org\springframework\spring-expression\6.0.0-RC2\spring-expression-6.0.0-RC2.jar;C:\Users\023da\.m2\repository\org\springframework\boot\spring-boot-starter-test\3.0.0-RC1\spring-boot-starter-test-3.0.0-RC1.jar;C:\Users\023da\.m2\repository\org\springframework\boot\spring-boot-test\3.0.0-RC1\spring-boot-test-3.0.0-RC1.jar;C:\Users\023da\.m2\repository\org\springframework\boot\spring-boot-test-autoconfigure\3.0.0-RC1\spring-boot-test-autoconfigure-3.0.0-RC1.jar;C:\Users\023da\.m2\repository\com\jayway\jsonpath\json-path\2.7.0\json-path-2.7.0.jar;C:\Users\023da\.m2\repository\net\minidev\json-smart\2.4.8\json-smart-2.4.8.jar;C:\Users\023da\.m2\repository\net\minidev\accessors-smart\2.4.8\accessors-smart-2.4.8.jar;C:\Users\023da\.m2\repository\org\ow2\asm\asm\9.1\asm-9.1.jar;C:\Users\023da\.m2\repository\jakarta\xml\bind\jakarta.xml.bind-api\3.0.1\jakarta.xml.bind-api-3.0.1.jar;C:\Users\023da\.m2\repository\com\sun\activation\jakarta.activation\2.0.1\jakarta.activation-2.0.1.jar;C:\Users\023da\.m2\repository\org\assertj\assertj-core\3.23.1\assertj-core-3.23.1.jar;C:\Users\023da\.m2\repository\org\hamcrest\hamcrest\2.2\hamcrest-2.2.jar;C:\Users\023da\.m2\repository\org\junit\jupiter\junit-jupiter\5.9.1\junit-jupiter-5.9.1.jar;C:\Users\023da\.m2\repository\org\junit\jupiter\junit-jupiter-params\5.9.1\junit-jupiter-params-5.9.1.jar;C:\Users\023da\.m2\repository\org\junit\jupiter\junit-jupiter-engine\5.9.1\junit-jupiter-engine-5.9.1.jar;C:\Users\023da\.m2\repository\org\junit\platform\junit-platform-engine\1.9.1\junit-platform-engine-1.9.1.jar;C:\Users\023da\.m2\repository\org\mockito\mockito-core\4.8.1\mockito-core-4.8.1.jar;C:\Users\023da\.m2\repository\net\bytebuddy\byte-buddy-agent\1.12.18\byte-buddy-agent-1.12.18.jar;C:\Users\023da\.m2\repository\org\objenesis\objenesis\3.2\objenesis-3.2.jar;C:\Users\023da\.m2\repository\org\mockito\mockito-junit-jupiter\4.8.1\mockito-junit-jupiter-4.8.1.jar;C:\Users\023da\.m2\repository\org\skyscreamer\jsonassert\1.5.1\jsonassert-1.5.1.jar;C:\Users\023da\.m2\repository\com\vaadin\external\google\android-json\0.0.20131108.vaadin1\android-json-0.0.20131108.vaadin1.jar;C:\Users\023da\.m2\repository\org\springframework\spring-core\6.0.0-RC2\spring-core-6.0.0-RC2.jar;C:\Users\023da\.m2\repository\org\springframework\spring-jcl\6.0.0-RC2\spring-jcl-6.0.0-RC2.jar;C:\Users\023da\.m2\repository\org\springframework\spring-test\6.0.0-RC2\spring-test-6.0.0-RC2.jar;C:\Users\023da\.m2\repository\org\xmlunit\xmlunit-core\2.9.0\xmlunit-core-2.9.0.jar;C:\Users\023da\.m2\repository\org\springframework\boot\spring-boot-starter-data-jdbc\3.1.2\spring-boot-starter-data-jdbc-3.1.2.jar;C:\Users\023da\.m2\repository\org\springframework\data\spring-data-jdbc\3.0.0-RC1\spring-data-jdbc-3.0.0-RC1.jar;C:\Users\023da\.m2\repository\org\springframework\data\spring-data-relational\3.0.0-RC1\spring-data-relational-3.0.0-RC1.jar;C:\Users\023da\.m2\repository\org\flywaydb\flyway-core\9.5.0\flyway-core-9.5.0.jar;C:\Users\023da\.m2\repository\com\electronwill\night-config\toml\3.6.6\toml-3.6.6.jar;C:\Users\023da\.m2\repository\com\electronwill\night-config\core\3.6.6\core-3.6.6.jar;C:\Users\023da\.m2\repository\com\github\javafaker\javafaker\1.0.2\javafaker-1.0.2.jar;C:\Users\023da\.m2\repository\org\apache\commons\commons-lang3\3.12.0\commons-lang3-3.12.0.jar;C:\Users\023da\.m2\repository\org\yaml\snakeyaml\1.23\snakeyaml-1.23-android.jar;C:\Users\023da\.m2\repository\com\github\mifmif\generex\1.0.2\generex-1.0.2.jar;C:\Users\023da\.m2\repository\dk\brics\automaton\automaton\1.11-8\automaton-1.11-8.jar;C:\Users\023da\.m2\repository\org\testcontainers\testcontainers\1.17.6\testcontainers-1.17.6.jar;C:\Users\023da\.m2\repository\junit\junit\4.13.2\junit-4.13.2.jar;C:\Users\023da\.m2\repository\org\hamcrest\hamcrest-core\2.2\hamcrest-core-2.2.jar;C:\Users\023da\.m2\repository\org\slf4j\slf4j-api\2.0.3\slf4j-api-2.0.3.jar;C:\Users\023da\.m2\repository\org\apache\commons\commons-compress\1.22\commons-compress-1.22.jar;C:\Users\023da\.m2\repository\org\rnorth\duct-tape\duct-tape\1.0.8\duct-tape-1.0.8.jar;C:\Users\023da\.m2\repository\org\jetbrains\annotations\17.0.0\annotations-17.0.0.jar;C:\Users\023da\.m2\repository\com\github\docker-java\docker-java-api\3.2.13\docker-java-api-3.2.13.jar;C:\Users\023da\.m2\repository\com\fasterxml\jackson\core\jackson-annotations\2.14.0-rc2\jackson-annotations-2.14.0-rc2.jar;C:\Users\023da\.m2\repository\com\github\docker-java\docker-java-transport-zerodep\3.2.13\docker-java-transport-zerodep-3.2.13.jar;C:\Users\023da\.m2\repository\com\github\docker-java\docker-java-transport\3.2.13\docker-java-transport-3.2.13.jar;C:\Users\023da\.m2\repository\net\java\dev\jna\jna\5.8.0\jna-5.8.0.jar;C:\Users\023da\.m2\repository\org\testcontainers\junit-jupiter\1.17.6\junit-jupiter-1.17.6.jar;C:\Users\023da\.m2\repository\org\junit\jupiter\junit-jupiter-api\5.9.1\junit-jupiter-api-5.9.1.jar;C:\Users\023da\.m2\repository\org\opentest4j\opentest4j\1.2.0\opentest4j-1.2.0.jar;C:\Users\023da\.m2\repository\org\junit\platform\junit-platform-commons\1.9.1\junit-platform-commons-1.9.1.jar;C:\Users\023da\.m2\repository\org\apiguardian\apiguardian-api\1.1.2\apiguardian-api-1.1.2.jar;C:\Users\023da\.m2\repository\org\testcontainers\postgresql\1.17.6\postgresql-1.17.6.jar;C:\Users\023da\.m2\repository\org\testcontainers\jdbc\1.17.6\jdbc-1.17.6.jar;C:\Users\023da\.m2\repository\org\testcontainers\database-commons\1.17.6\database-commons-1.17.6.jar;C:\Users\023da\.m2\repository\org\springframework\boot\spring-boot-starter-webflux\3.0.0-RC1\spring-boot-starter-webflux-3.0.0-RC1.jar;C:\Users\023da\.m2\repository\org\springframework\boot\spring-boot-starter-reactor-netty\3.0.0-RC1\spring-boot-starter-reactor-netty-3.0.0-RC1.jar;C:\Users\023da\.m2\repository\io\projectreactor\netty\reactor-netty-http\1.1.0-RC1\reactor-netty-http-1.1.0-RC1.jar;C:\Users\023da\.m2\repository\io\netty\netty-codec-http\4.1.84.Final\netty-codec-http-4.1.84.Final.jar;C:\Users\023da\.m2\repository\io\netty\netty-common\4.1.84.Final\netty-common-4.1.84.Final.jar;C:\Users\023da\.m2\repository\io\netty\netty-buffer\4.1.84.Final\netty-buffer-4.1.84.Final.jar;C:\Users\023da\.m2\repository\io\netty\netty-transport\4.1.84.Final\netty-transport-4.1.84.Final.jar;C:\Users\023da\.m2\repository\io\netty\netty-codec\4.1.84.Final\netty-codec-4.1.84.Final.jar;C:\Users\023da\.m2\repository\io\netty\netty-handler\4.1.84.Final\netty-handler-4.1.84.Final.jar;C:\Users\023da\.m2\repository\io\netty\netty-codec-http2\4.1.84.Final\netty-codec-http2-4.1.84.Final.jar;C:\Users\023da\.m2\repository\io\netty\netty-resolver-dns\4.1.84.Final\netty-resolver-dns-4.1.84.Final.jar;C:\Users\023da\.m2\repository\io\netty\netty-resolver\4.1.84.Final\netty-resolver-4.1.84.Final.jar;C:\Users\023da\.m2\repository\io\netty\netty-codec-dns\4.1.84.Final\netty-codec-dns-4.1.84.Final.jar;C:\Users\023da\.m2\repository\io\netty\netty-resolver-dns-native-macos\4.1.84.Final\netty-resolver-dns-native-macos-4.1.84.Final-osx-x86_64.jar;C:\Users\023da\.m2\repository\io\netty\netty-resolver-dns-classes-macos\4.1.84.Final\netty-resolver-dns-classes-macos-4.1.84.Final.jar;C:\Users\023da\.m2\repository\io\netty\netty-transport-native-epoll\4.1.84.Final\netty-transport-native-epoll-4.1.84.Final-linux-x86_64.jar;C:\Users\023da\.m2\repository\io\netty\netty-transport-native-unix-common\4.1.84.Final\netty-transport-native-unix-common-4.1.84.Final.jar;C:\Users\023da\.m2\repository\io\netty\netty-transport-classes-epoll\4.1.84.Final\netty-transport-classes-epoll-4.1.84.Final.jar;C:\Users\023da\.m2\repository\io\projectreactor\netty\reactor-netty-core\1.1.0-RC1\reactor-netty-core-1.1.0-RC1.jar;C:\Users\023da\.m2\repository\io\netty\netty-handler-proxy\4.1.84.Final\netty-handler-proxy-4.1.84.Final.jar;C:\Users\023da\.m2\repository\io\netty\netty-codec-socks\4.1.84.Final\netty-codec-socks-4.1.84.Final.jar;C:\Users\023da\.m2\repository\org\springframework\spring-webflux\6.0.0-RC2\spring-webflux-6.0.0-RC2.jar;C:\Users\023da\.m2\repository\io\projectreactor\reactor-core\3.5.0-RC1\reactor-core-3.5.0-RC1.jar;C:\Users\023da\.m2\repository\org\reactivestreams\reactive-streams\1.0.4\reactive-streams-1.0.4.jar;"/>
    <property name="java.vm.vendor" value="Oracle Corporation"/>
    <property name="sun.arch.data.model" value="64"/>
    <property name="user.variant" value=""/>
    <property name="catalina.useNaming" value="false"/>
    <property name="java.vendor.url" value="https://java.oracle.com/"/>
    <property name="user.timezone" value="Europe/Warsaw"/>
    <property name="os.name" value="Windows 11"/>
    <property name="java.vm.specification.version" value="19"/>
    <property name="sun.java.launcher" value="SUN_STANDARD"/>
    <property name="user.country" value="PL"/>
    <property name="sun.boot.library.path" value="C:\Users\023da\.jdks\openjdk-19.0.1\bin"/>
    <property name="sun.java.command" value="C:\Users\023da\AppData\Local\Temp\surefire15842827893216911192\surefirebooter-20230912175901483_3.jar C:\Users\023da\AppData\Local\Temp\surefire15842827893216911192 2023-09-12T17-59-01_378-jvmRun1 surefire-20230912175901483_1tmp surefire_0-20230912175901483_2tmp"/>
    <property name="jdk.debug" value="release"/>
    <property name="surefire.test.class.path" value="C:\Users\023da\OneDrive\Pulpit\Projects\Customer\Customer\target\test-classes;C:\Users\023da\OneDrive\Pulpit\Projects\Customer\Customer\target\classes;C:\Users\023da\.m2\repository\org\postgresql\postgresql\42.5.0\postgresql-42.5.0.jar;C:\Users\023da\.m2\repository\org\checkerframework\checker-qual\3.5.0\checker-qual-3.5.0.jar;C:\Users\023da\.m2\repository\org\springframework\boot\spring-boot-starter-data-jpa\3.0.0-RC1\spring-boot-starter-data-jpa-3.0.0-RC1.jar;C:\Users\023da\.m2\repository\org\springframework\boot\spring-boot-starter-aop\3.0.0-RC1\spring-boot-starter-aop-3.0.0-RC1.jar;C:\Users\023da\.m2\repository\org\springframework\spring-aop\6.0.0-RC2\spring-aop-6.0.0-RC2.jar;C:\Users\023da\.m2\repository\org\aspectj\aspectjweaver\1.9.9.1\aspectjweaver-1.9.9.1.jar;C:\Users\023da\.m2\repository\org\springframework\boot\spring-boot-starter-jdbc\3.0.0-RC1\spring-boot-starter-jdbc-3.0.0-RC1.jar;C:\Users\023da\.m2\repository\com\zaxxer\HikariCP\5.0.1\HikariCP-5.0.1.jar;C:\Users\023da\.m2\repository\org\springframework\spring-jdbc\6.0.0-RC2\spring-jdbc-6.0.0-RC2.jar;C:\Users\023da\.m2\repository\org\hibernate\orm\hibernate-core\6.1.4.Final\hibernate-core-6.1.4.Final.jar;C:\Users\023da\.m2\repository\jakarta\persistence\jakarta.persistence-api\3.0.0\jakarta.persistence-api-3.0.0.jar;C:\Users\023da\.m2\repository\jakarta\transaction\jakarta.transaction-api\2.0.1\jakarta.transaction-api-2.0.1.jar;C:\Users\023da\.m2\repository\org\jboss\logging\jboss-logging\3.5.0.Final\jboss-logging-3.5.0.Final.jar;C:\Users\023da\.m2\repository\org\hibernate\common\hibernate-commons-annotations\6.0.2.Final\hibernate-commons-annotations-6.0.2.Final.jar;C:\Users\023da\.m2\repository\org\jboss\jandex\2.4.2.Final\jandex-2.4.2.Final.jar;C:\Users\023da\.m2\repository\com\fasterxml\classmate\1.5.1\classmate-1.5.1.jar;C:\Users\023da\.m2\repository\net\bytebuddy\byte-buddy\1.12.18\byte-buddy-1.12.18.jar;C:\Users\023da\.m2\repository\org\glassfish\jaxb\jaxb-runtime\3.0.2\jaxb-runtime-3.0.2.jar;C:\Users\023da\.m2\repository\org\glassfish\jaxb\jaxb-core\3.0.2\jaxb-core-3.0.2.jar;C:\Users\023da\.m2\repository\org\glassfish\jaxb\txw2\3.0.2\txw2-3.0.2.jar;C:\Users\023da\.m2\repository\com\sun\istack\istack-commons-runtime\4.0.1\istack-commons-runtime-4.0.1.jar;C:\Users\023da\.m2\repository\jakarta\inject\jakarta.inject-api\2.0.0\jakarta.inject-api-2.0.0.jar;C:\Users\023da\.m2\repository\org\antlr\antlr4-runtime\4.10.1\antlr4-runtime-4.10.1.jar;C:\Users\023da\.m2\repository\org\springframework\data\spring-data-jpa\3.0.0-RC1\spring-data-jpa-3.0.0-RC1.jar;C:\Users\023da\.m2\repository\org\springframework\data\spring-data-commons\3.0.0-RC1\spring-data-commons-3.0.0-RC1.jar;C:\Users\023da\.m2\repository\org\springframework\spring-orm\6.0.0-RC2\spring-orm-6.0.0-RC2.jar;C:\Users\023da\.m2\repository\org\springframework\spring-context\6.0.0-RC2\spring-context-6.0.0-RC2.jar;C:\Users\023da\.m2\repository\org\springframework\spring-tx\6.0.0-RC2\spring-tx-6.0.0-RC2.jar;C:\Users\023da\.m2\repository\org\springframework\spring-beans\6.0.0-RC2\spring-beans-6.0.0-RC2.jar;C:\Users\023da\.m2\repository\jakarta\annotation\jakarta.annotation-api\2.0.0\jakarta.annotation-api-2.0.0.jar;C:\Users\023da\.m2\repository\org\springframework\spring-aspects\6.0.0-RC2\spring-aspects-6.0.0-RC2.jar;C:\Users\023da\.m2\repository\org\springframework\boot\spring-boot-starter-web\3.0.0-RC1\spring-boot-starter-web-3.0.0-RC1.jar;C:\Users\023da\.m2\repository\org\springframework\boot\spring-boot-starter\3.0.0-RC1\spring-boot-starter-3.0.0-RC1.jar;C:\Users\023da\.m2\repository\org\springframework\boot\spring-boot\3.0.0-RC1\spring-boot-3.0.0-RC1.jar;C:\Users\023da\.m2\repository\org\springframework\boot\spring-boot-autoconfigure\3.0.0-RC1\spring-boot-autoconfigure-3.0.0-RC1.jar;C:\Users\023da\.m2\repository\org\springframework\boot\spring-boot-starter-logging\3.0.0-RC1\spring-boot-starter-logging-3.0.0-RC1.jar;C:\Users\023da\.m2\repository\ch\qos\logback\logback-classic\1.4.4\logback-classic-1.4.4.jar;C:\Users\023da\.m2\repository\ch\qos\logback\logback-core\1.4.4\logback-core-1.4.4.jar;C:\Users\023da\.m2\repository\org\apache\logging\log4j\log4j-to-slf4j\2.19.0\log4j-to-slf4j-2.19.0.jar;C:\Users\023da\.m2\repository\org\apache\logging\log4j\log4j-api\2.19.0\log4j-api-2.19.0.jar;C:\Users\023da\.m2\repository\org\slf4j\jul-to-slf4j\2.0.3\jul-to-slf4j-2.0.3.jar;C:\Users\023da\.m2\repository\org\yaml\snakeyaml\1.33\snakeyaml-1.33.jar;C:\Users\023da\.m2\repository\org\springframework\boot\spring-boot-starter-json\3.0.0-RC1\spring-boot-starter-json-3.0.0-RC1.jar;C:\Users\023da\.m2\repository\com\fasterxml\jackson\core\jackson-databind\2.14.0-rc2\jackson-databind-2.14.0-rc2.jar;C:\Users\023da\.m2\repository\com\fasterxml\jackson\core\jackson-core\2.14.0-rc2\jackson-core-2.14.0-rc2.jar;C:\Users\023da\.m2\repository\com\fasterxml\jackson\datatype\jackson-datatype-jdk8\2.14.0-rc2\jackson-datatype-jdk8-2.14.0-rc2.jar;C:\Users\023da\.m2\repository\com\fasterxml\jackson\datatype\jackson-datatype-jsr310\2.14.0-rc2\jackson-datatype-jsr310-2.14.0-rc2.jar;C:\Users\023da\.m2\repository\com\fasterxml\jackson\module\jackson-module-parameter-names\2.14.0-rc2\jackson-module-parameter-names-2.14.0-rc2.jar;C:\Users\023da\.m2\repository\org\springframework\boot\spring-boot-starter-tomcat\3.0.0-RC1\spring-boot-starter-tomcat-3.0.0-RC1.jar;C:\Users\023da\.m2\repository\org\apache\tomcat\embed\tomcat-embed-core\10.0.27\tomcat-embed-core-10.0.27.jar;C:\Users\023da\.m2\repository\org\apache\tomcat\embed\tomcat-embed-el\10.0.27\tomcat-embed-el-10.0.27.jar;C:\Users\023da\.m2\repository\org\apache\tomcat\embed\tomcat-embed-websocket\10.0.27\tomcat-embed-websocket-10.0.27.jar;C:\Users\023da\.m2\repository\org\springframework\spring-web\6.0.0-RC2\spring-web-6.0.0-RC2.jar;C:\Users\023da\.m2\repository\io\micrometer\micrometer-observation\1.10.0-RC1\micrometer-observation-1.10.0-RC1.jar;C:\Users\023da\.m2\repository\io\micrometer\micrometer-commons\1.10.0-RC1\micrometer-commons-1.10.0-RC1.jar;C:\Users\023da\.m2\repository\org\springframework\spring-webmvc\6.0.0-RC2\spring-webmvc-6.0.0-RC2.jar;C:\Users\023da\.m2\repository\org\springframework\spring-expression\6.0.0-RC2\spring-expression-6.0.0-RC2.jar;C:\Users\023da\.m2\repository\org\springframework\boot\spring-boot-starter-test\3.0.0-RC1\spring-boot-starter-test-3.0.0-RC1.jar;C:\Users\023da\.m2\repository\org\springframework\boot\spring-boot-test\3.0.0-RC1\spring-boot-test-3.0.0-RC1.jar;C:\Users\023da\.m2\repository\org\springframework\boot\spring-boot-test-autoconfigure\3.0.0-RC1\spring-boot-test-autoconfigure-3.0.0-RC1.jar;C:\Users\023da\.m2\repository\com\jayway\jsonpath\json-path\2.7.0\json-path-2.7.0.jar;C:\Users\023da\.m2\repository\net\minidev\json-smart\2.4.8\json-smart-2.4.8.jar;C:\Users\023da\.m2\repository\net\minidev\accessors-smart\2.4.8\accessors-smart-2.4.8.jar;C:\Users\023da\.m2\repository\org\ow2\asm\asm\9.1\asm-9.1.jar;C:\Users\023da\.m2\repository\jakarta\xml\bind\jakarta.xml.bind-api\3.0.1\jakarta.xml.bind-api-3.0.1.jar;C:\Users\023da\.m2\repository\com\sun\activation\jakarta.activation\2.0.1\jakarta.activation-2.0.1.jar;C:\Users\023da\.m2\repository\org\assertj\assertj-core\3.23.1\assertj-core-3.23.1.jar;C:\Users\023da\.m2\repository\org\hamcrest\hamcrest\2.2\hamcrest-2.2.jar;C:\Users\023da\.m2\repository\org\junit\jupiter\junit-jupiter\5.9.1\junit-jupiter-5.9.1.jar;C:\Users\023da\.m2\repository\org\junit\jupiter\junit-jupiter-params\5.9.1\junit-jupiter-params-5.9.1.jar;C:\Users\023da\.m2\repository\org\junit\jupiter\junit-jupiter-engine\5.9.1\junit-jupiter-engine-5.9.1.jar;C:\Users\023da\.m2\repository\org\junit\platform\junit-platform-engine\1.9.1\junit-platform-engine-1.9.1.jar;C:\Users\023da\.m2\repository\org\mockito\mockito-core\4.8.1\mockito-core-4.8.1.jar;C:\Users\023da\.m2\repository\net\bytebuddy\byte-buddy-agent\1.12.18\byte-buddy-agent-1.12.18.jar;C:\Users\023da\.m2\repository\org\objenesis\objenesis\3.2\objenesis-3.2.jar;C:\Users\023da\.m2\repository\org\mockito\mockito-junit-jupiter\4.8.1\mockito-junit-jupiter-4.8.1.jar;C:\Users\023da\.m2\repository\org\skyscreamer\jsonassert\1.5.1\jsonassert-1.5.1.jar;C:\Users\023da\.m2\repository\com\vaadin\external\google\android-json\0.0.20131108.vaadin1\android-json-0.0.20131108.vaadin1.jar;C:\Users\023da\.m2\repository\org\springframework\spring-core\6.0.0-RC2\spring-core-6.0.0-RC2.jar;C:\Users\023da\.m2\repository\org\springframework\spring-jcl\6.0.0-RC2\spring-jcl-6.0.0-RC2.jar;C:\Users\023da\.m2\repository\org\springframework\spring-test\6.0.0-RC2\spring-test-6.0.0-RC2.jar;C:\Users\023da\.m2\repository\org\xmlunit\xmlunit-core\2.9.0\xmlunit-core-2.9.0.jar;C:\Users\023da\.m2\repository\org\springframework\boot\spring-boot-starter-data-jdbc\3.1.2\spring-boot-starter-data-jdbc-3.1.2.jar;C:\Users\023da\.m2\repository\org\springframework\data\spring-data-jdbc\3.0.0-RC1\spring-data-jdbc-3.0.0-RC1.jar;C:\Users\023da\.m2\repository\org\springframework\data\spring-data-relational\3.0.0-RC1\spring-data-relational-3.0.0-RC1.jar;C:\Users\023da\.m2\repository\org\flywaydb\flyway-core\9.5.0\flyway-core-9.5.0.jar;C:\Users\023da\.m2\repository\com\electronwill\night-config\toml\3.6.6\toml-3.6.6.jar;C:\Users\023da\.m2\repository\com\electronwill\night-config\core\3.6.6\core-3.6.6.jar;C:\Users\023da\.m2\repository\com\github\javafaker\javafaker\1.0.2\javafaker-1.0.2.jar;C:\Users\023da\.m2\repository\org\apache\commons\commons-lang3\3.12.0\commons-lang3-3.12.0.jar;C:\Users\023da\.m2\repository\org\yaml\snakeyaml\1.23\snakeyaml-1.23-android.jar;C:\Users\023da\.m2\repository\com\github\mifmif\generex\1.0.2\generex-1.0.2.jar;C:\Users\023da\.m2\repository\dk\brics\automaton\automaton\1.11-8\automaton-1.11-8.jar;C:\Users\023da\.m2\repository\org\testcontainers\testcontainers\1.17.6\testcontainers-1.17.6.jar;C:\Users\023da\.m2\repository\junit\junit\4.13.2\junit-4.13.2.jar;C:\Users\023da\.m2\repository\org\hamcrest\hamcrest-core\2.2\hamcrest-core-2.2.jar;C:\Users\023da\.m2\repository\org\slf4j\slf4j-api\2.0.3\slf4j-api-2.0.3.jar;C:\Users\023da\.m2\repository\org\apache\commons\commons-compress\1.22\commons-compress-1.22.jar;C:\Users\023da\.m2\repository\org\rnorth\duct-tape\duct-tape\1.0.8\duct-tape-1.0.8.jar;C:\Users\023da\.m2\repository\org\jetbrains\annotations\17.0.0\annotations-17.0.0.jar;C:\Users\023da\.m2\repository\com\github\docker-java\docker-java-api\3.2.13\docker-java-api-3.2.13.jar;C:\Users\023da\.m2\repository\com\fasterxml\jackson\core\jackson-annotations\2.14.0-rc2\jackson-annotations-2.14.0-rc2.jar;C:\Users\023da\.m2\repository\com\github\docker-java\docker-java-transport-zerodep\3.2.13\docker-java-transport-zerodep-3.2.13.jar;C:\Users\023da\.m2\repository\com\github\docker-java\docker-java-transport\3.2.13\docker-java-transport-3.2.13.jar;C:\Users\023da\.m2\repository\net\java\dev\jna\jna\5.8.0\jna-5.8.0.jar;C:\Users\023da\.m2\repository\org\testcontainers\junit-jupiter\1.17.6\junit-jupiter-1.17.6.jar;C:\Users\023da\.m2\repository\org\junit\jupiter\junit-jupiter-api\5.9.1\junit-jupiter-api-5.9.1.jar;C:\Users\023da\.m2\repository\org\opentest4j\opentest4j\1.2.0\opentest4j-1.2.0.jar;C:\Users\023da\.m2\repository\org\junit\platform\junit-platform-commons\1.9.1\junit-platform-commons-1.9.1.jar;C:\Users\023da\.m2\repository\org\apiguardian\apiguardian-api\1.1.2\apiguardian-api-1.1.2.jar;C:\Users\023da\.m2\repository\org\testcontainers\postgresql\1.17.6\postgresql-1.17.6.jar;C:\Users\023da\.m2\repository\org\testcontainers\jdbc\1.17.6\jdbc-1.17.6.jar;C:\Users\023da\.m2\repository\org\testcontainers\database-commons\1.17.6\database-commons-1.17.6.jar;C:\Users\023da\.m2\repository\org\springframework\boot\spring-boot-starter-webflux\3.0.0-RC1\spring-boot-starter-webflux-3.0.0-RC1.jar;C:\Users\023da\.m2\repository\org\springframework\boot\spring-boot-starter-reactor-netty\3.0.0-RC1\spring-boot-starter-reactor-netty-3.0.0-RC1.jar;C:\Users\023da\.m2\repository\io\projectreactor\netty\reactor-netty-http\1.1.0-RC1\reactor-netty-http-1.1.0-RC1.jar;C:\Users\023da\.m2\repository\io\netty\netty-codec-http\4.1.84.Final\netty-codec-http-4.1.84.Final.jar;C:\Users\023da\.m2\repository\io\netty\netty-common\4.1.84.Final\netty-common-4.1.84.Final.jar;C:\Users\023da\.m2\repository\io\netty\netty-buffer\4.1.84.Final\netty-buffer-4.1.84.Final.jar;C:\Users\023da\.m2\repository\io\netty\netty-transport\4.1.84.Final\netty-transport-4.1.84.Final.jar;C:\Users\023da\.m2\repository\io\netty\netty-codec\4.1.84.Final\netty-codec-4.1.84.Final.jar;C:\Users\023da\.m2\repository\io\netty\netty-handler\4.1.84.Final\netty-handler-4.1.84.Final.jar;C:\Users\023da\.m2\repository\io\netty\netty-codec-http2\4.1.84.Final\netty-codec-http2-4.1.84.Final.jar;C:\Users\023da\.m2\repository\io\netty\netty-resolver-dns\4.1.84.Final\netty-resolver-dns-4.1.84.Final.jar;C:\Users\023da\.m2\repository\io\netty\netty-resolver\4.1.84.Final\netty-resolver-4.1.84.Final.jar;C:\Users\023da\.m2\repository\io\netty\netty-codec-dns\4.1.84.Final\netty-codec-dns-4.1.84.Final.jar;C:\Users\023da\.m2\repository\io\netty\netty-resolver-dns-native-macos\4.1.84.Final\netty-resolver-dns-native-macos-4.1.84.Final-osx-x86_64.jar;C:\Users\023da\.m2\repository\io\netty\netty-resolver-dns-classes-macos\4.1.84.Final\netty-resolver-dns-classes-macos-4.1.84.Final.jar;C:\Users\023da\.m2\repository\io\netty\netty-transport-native-epoll\4.1.84.Final\netty-transport-native-epoll-4.1.84.Final-linux-x86_64.jar;C:\Users\023da\.m2\repository\io\netty\netty-transport-native-unix-common\4.1.84.Final\netty-transport-native-unix-common-4.1.84.Final.jar;C:\Users\023da\.m2\repository\io\netty\netty-transport-classes-epoll\4.1.84.Final\netty-transport-classes-epoll-4.1.84.Final.jar;C:\Users\023da\.m2\repository\io\projectreactor\netty\reactor-netty-core\1.1.0-RC1\reactor-netty-core-1.1.0-RC1.jar;C:\Users\023da\.m2\repository\io\netty\netty-handler-proxy\4.1.84.Final\netty-handler-proxy-4.1.84.Final.jar;C:\Users\023da\.m2\repository\io\netty\netty-codec-socks\4.1.84.Final\netty-codec-socks-4.1.84.Final.jar;C:\Users\023da\.m2\repository\org\springframework\spring-webflux\6.0.0-RC2\spring-webflux-6.0.0-RC2.jar;C:\Users\023da\.m2\repository\io\projectreactor\reactor-core\3.5.0-RC1\reactor-core-3.5.0-RC1.jar;C:\Users\023da\.m2\repository\org\reactivestreams\reactive-streams\1.0.4\reactive-streams-1.0.4.jar;"/>
    <property name="sun.cpu.endian" value="little"/>
    <property name="user.home" value="C:\Users\023da"/>
    <property name="user.language" value="pl"/>
    <property name="java.specification.vendor" value="Oracle Corporation"/>
    <property name="java.version.date" value="2022-10-18"/>
    <property name="java.home" value="C:\Users\023da\.jdks\openjdk-19.0.1"/>
    <property name="file.separator" value="\"/>
    <property name="basedir" value="C:\Users\023da\OneDrive\Pulpit\Projects\Customer\Customer"/>
    <property name="java.vm.compressedOopsMode" value="Zero based"/>
    <property name="line.separator" value="&#10;"/>
    <property name="java.vm.specification.vendor" value="Oracle Corporation"/>
    <property name="java.specification.name" value="Java Platform API Specification"/>
    <property name="FILE_LOG_CHARSET" value="UTF-8"/>
    <property name="java.awt.headless" value="true"/>
    <property name="surefire.real.class.path" value="C:\Users\023da\AppData\Local\Temp\surefire15842827893216911192\surefirebooter-20230912175901483_3.jar"/>
    <property name="user.script" value=""/>
    <property name="sun.management.compiler" value="HotSpot 64-Bit Tiered Compilers"/>
    <property name="java.runtime.version" value="19.0.1+10-21"/>
    <property name="user.name" value="023da"/>
    <property name="stdout.encoding" value="Cp1250"/>
    <property name="path.separator" value=";"/>
    <property name="os.version" value="10.0"/>
    <property name="java.runtime.name" value="OpenJDK Runtime Environment"/>
    <property name="file.encoding" value="UTF-8"/>
    <property name="java.vm.name" value="OpenJDK 64-Bit Server VM"/>
    <property name="test.server.port" value="62599"/>
    <property name="localRepository" value="C:\Users\023da\.m2\repository"/>
    <property name="java.vendor.url.bug" value="https://bugreport.java.com/bugreport/"/>
    <property name="java.io.tmpdir" value="C:\Users\023da\AppData\Local\Temp\"/>
    <property name="idea.version" value="2022.2.5"/>
    <property name="catalina.home" value="C:\Users\023da\AppData\Local\Temp\tomcat.0.16172662642421941011"/>
    <property name="com.zaxxer.hikari.pool_number" value="1"/>
    <property name="java.version" value="19.0.1"/>
    <property name="user.dir" value="C:\Users\023da\OneDrive\Pulpit\Projects\Customer\Customer"/>
    <property name="os.arch" value="amd64"/>
    <property name="java.vm.specification.name" value="Java Virtual Machine Specification"/>
    <property name="PID" value="5776"/>
    <property name="sun.os.patch.level" value=""/>
    <property name="CONSOLE_LOG_CHARSET" value="UTF-8"/>
    <property name="catalina.base" value="C:\Users\023da\AppData\Local\Temp\tomcat.0.16172662642421941011"/>
    <property name="native.encoding" value="Cp1250"/>
    <property name="java.library.path" value="C:\Users\023da\.jdks\openjdk-19.0.1\bin;C:\WINDOWS\Sun\Java\bin;C:\WINDOWS\system32;C:\WINDOWS;C:\Program Files\Common Files\Oracle\Java\javapath;C:\Program Files (x86)\Common Files\Oracle\Java\javapath;C:\Program Files\Amazon Corretto\jdk11.0.17_8\bin;C:\Windows\system32;C:\Windows;C:\Windows\System32\Wbem;C:\Windows\System32\WindowsPowerShell\v1.0\;C:\Windows\System32\OpenSSH\;C:\Program Files (x86)\NVIDIA Corporation\PhysX\Common;C:\Program Files\NVIDIA Corporation\NVIDIA NvDLISR;C:\Program Files\dotnet\;C:\Program Files\Microsoft SQL Server\130\Tools\Binn\;C:\WINDOWS\system32;C:\WINDOWS;C:\WINDOWS\System32\Wbem;C:\WINDOWS\System32\WindowsPowerShell\v1.0\;C:\WINDOWS\System32\OpenSSH\;C:\Program Files\SourceGear\Common\DiffMerge\;C:\Program Files (x86)\dotnet\;C:\Program Files\nodejs\;C:\xampp\php;C:\Program Files\PowerShell\7\;C:\Program Files\Docker\Docker\resources\bin;C:\Program Files\Git\cmd;C:\Program Files\PuTTY\;C:\PROGRA~1\Red Gate\Flyway Desktop\;C:\Users\023da\AppData\Local\Microsoft\WindowsApps;C:\Users\023da\.dotnet\tools;C:\Users\023da\AppData\Local\GitHubDesktop\bin;C:\Program Files\JetBrains\IntelliJ IDEA 2022.2.3\bin;;C:\Users\023da\AppData\Local\Programs\Microsoft VS Code\bin;C:\Users\023da\AppData\Roaming\npm;;."/>
    <property name="java.vm.info" value="mixed mode, sharing"/>
    <property name="stderr.encoding" value="Cp1250"/>
    <property name="java.vendor" value="Oracle Corporation"/>
    <property name="java.vm.version" value="19.0.1+10-21"/>
    <property name="sun.io.unicode.encoding" value="UnicodeLittle"/>
    <property name="java.class.version" value="63.0"/>
  </properties>
  <testcase name="canRegisterACustomer" classname="Customer.journey.CustomerIntegrationTest" time="1.003">
    <system-out><![CDATA[17:59:02.147 [main] DEBUG org.springframework.test.context.BootstrapUtils - Instantiating CacheAwareContextLoaderDelegate from class [org.springframework.test.context.cache.DefaultCacheAwareContextLoaderDelegate]
17:59:02.164 [main] DEBUG org.springframework.test.context.BootstrapUtils - Instantiating BootstrapContext using constructor [public org.springframework.test.context.support.DefaultBootstrapContext(java.lang.Class,org.springframework.test.context.CacheAwareContextLoaderDelegate)]
17:59:02.201 [main] DEBUG org.springframework.test.context.BootstrapUtils - Instantiating TestContextBootstrapper for test class [Customer.journey.CustomerIntegrationTest] from class [org.springframework.boot.test.context.SpringBootTestContextBootstrapper]
17:59:02.213 [main] INFO org.springframework.boot.test.context.SpringBootTestContextBootstrapper - Neither @ContextConfiguration nor @ContextHierarchy found for test class [Customer.journey.CustomerIntegrationTest], using SpringBootContextLoader
17:59:02.217 [main] DEBUG org.springframework.test.context.support.AbstractContextLoader - Did not detect default resource location for test class [Customer.journey.CustomerIntegrationTest]: class path resource [Customer/journey/CustomerIntegrationTest-context.xml] does not exist
17:59:02.218 [main] DEBUG org.springframework.test.context.support.AbstractContextLoader - Did not detect default resource location for test class [Customer.journey.CustomerIntegrationTest]: class path resource [Customer/journey/CustomerIntegrationTestContext.groovy] does not exist
17:59:02.218 [main] INFO org.springframework.test.context.support.AbstractContextLoader - Could not detect default resource locations for test class [Customer.journey.CustomerIntegrationTest]: no resource found for suffixes {-context.xml, Context.groovy}.
17:59:02.219 [main] INFO org.springframework.test.context.support.AnnotationConfigContextLoaderUtils - Could not detect default configuration classes for test class [Customer.journey.CustomerIntegrationTest]: CustomerIntegrationTest does not declare any static, non-private, non-final, nested classes annotated with @Configuration.
17:59:02.241 [main] DEBUG org.springframework.boot.test.context.SpringBootTestContextBootstrapper - Loaded ContextCustomizerFactory implementations from location [META-INF/spring.factories]: [org.springframework.boot.test.context.ImportsContextCustomizerFactory, org.springframework.boot.test.context.filter.ExcludeFilterContextCustomizerFactory, org.springframework.boot.test.graphql.tester.HttpGraphQlTesterContextCustomizerFactory, org.springframework.boot.test.json.DuplicateJsonObjectContextCustomizerFactory, org.springframework.boot.test.mock.mockito.MockitoContextCustomizerFactory, org.springframework.boot.test.web.client.TestRestTemplateContextCustomizerFactory, org.springframework.boot.test.web.reactive.server.WebTestClientContextCustomizerFactory, org.springframework.boot.test.autoconfigure.OverrideAutoConfigurationContextCustomizerFactory, org.springframework.boot.test.autoconfigure.actuate.observability.ObservabilityContextCustomizerFactory, org.springframework.boot.test.autoconfigure.filter.TypeExcludeFiltersContextCustomizerFactory, org.springframework.boot.test.autoconfigure.properties.PropertyMappingContextCustomizerFactory, org.springframework.boot.test.autoconfigure.web.servlet.WebDriverContextCustomizerFactory, org.springframework.test.context.web.socket.MockServerContainerContextCustomizerFactory, org.springframework.test.context.support.DynamicPropertiesContextCustomizerFactory]
17:59:02.255 [main] INFO org.springframework.boot.test.context.SpringBootTestContextBootstrapper - Using ContextCustomizers: [org.springframework.boot.test.context.filter.ExcludeFilterContextCustomizer@14bdbc74, org.springframework.boot.test.json.DuplicateJsonObjectContextCustomizerFactory$DuplicateJsonObjectContextCustomizer@38145825, org.springframework.boot.test.mock.mockito.MockitoContextCustomizer@0, org.springframework.boot.test.web.client.TestRestTemplateContextCustomizer@3b35a229, org.springframework.boot.test.web.reactive.server.WebTestClientContextCustomizer@5e3f861, org.springframework.boot.test.autoconfigure.actuate.observability.ObservabilityContextCustomizerFactory$DisableObservabilityContextCustomizer@9da1, org.springframework.boot.test.autoconfigure.properties.PropertyMappingContextCustomizer@0, org.springframework.boot.test.autoconfigure.web.servlet.WebDriverContextCustomizerFactory$Customizer@50029372]
17:59:02.260 [main] DEBUG org.springframework.test.context.support.ActiveProfilesUtils - Could not find an 'annotation declaring class' for annotation type [org.springframework.test.context.ActiveProfiles] and class [Customer.journey.CustomerIntegrationTest]
17:59:02.326 [main] DEBUG org.springframework.context.annotation.ClassPathScanningCandidateComponentProvider - Identified candidate component class: file [C:\Users\023da\OneDrive\Pulpit\Projects\Customer\Customer\target\classes\Customer\Main.class]
17:59:02.327 [main] INFO org.springframework.boot.test.context.SpringBootTestContextBootstrapper - Found @SpringBootConfiguration Customer.Main for test class Customer.journey.CustomerIntegrationTest
17:59:02.405 [main] DEBUG org.springframework.boot.test.context.SpringBootTestContextBootstrapper - @TestExecutionListeners is not present for class [Customer.journey.CustomerIntegrationTest]: using defaults.
17:59:02.420 [main] DEBUG org.springframework.boot.test.context.SpringBootTestContextBootstrapper - Loaded default TestExecutionListener implementations from location [META-INF/spring.factories]: [org.springframework.test.context.web.ServletTestExecutionListener, org.springframework.test.context.support.DirtiesContextBeforeModesTestExecutionListener, org.springframework.test.context.event.ApplicationEventsTestExecutionListener, org.springframework.boot.test.mock.mockito.MockitoTestExecutionListener, org.springframework.test.context.support.DependencyInjectionTestExecutionListener, org.springframework.test.context.support.DirtiesContextTestExecutionListener, org.springframework.test.context.transaction.TransactionalTestExecutionListener, org.springframework.test.context.jdbc.SqlScriptsTestExecutionListener, org.springframework.test.context.event.EventPublishingTestExecutionListener, org.springframework.boot.test.mock.mockito.ResetMocksTestExecutionListener, org.springframework.boot.test.autoconfigure.restdocs.RestDocsTestExecutionListener, org.springframework.boot.test.autoconfigure.web.client.MockRestServiceServerResetTestExecutionListener, org.springframework.boot.test.autoconfigure.web.servlet.MockMvcPrintOnlyOnFailureTestExecutionListener, org.springframework.boot.test.autoconfigure.web.servlet.WebDriverTestExecutionListener, org.springframework.boot.test.autoconfigure.webservices.client.MockWebServiceServerTestExecutionListener]
17:59:02.422 [main] INFO org.springframework.boot.test.context.SpringBootTestContextBootstrapper - Using TestExecutionListeners: [org.springframework.test.context.web.ServletTestExecutionListener@25a6944c, org.springframework.test.context.support.DirtiesContextBeforeModesTestExecutionListener@5e1fa5b1, org.springframework.test.context.event.ApplicationEventsTestExecutionListener@6b00f608, org.springframework.boot.test.mock.mockito.MockitoTestExecutionListener@2f17e30d, org.springframework.boot.test.autoconfigure.SpringBootDependencyInjectionTestExecutionListener@3e821657, org.springframework.test.context.support.DirtiesContextTestExecutionListener@1d131e1b, org.springframework.test.context.transaction.TransactionalTestExecutionListener@71cf1b07, org.springframework.test.context.jdbc.SqlScriptsTestExecutionListener@615091b8, org.springframework.test.context.event.EventPublishingTestExecutionListener@4fce136b, org.springframework.boot.test.mock.mockito.ResetMocksTestExecutionListener@4aa83f4f, org.springframework.boot.test.autoconfigure.restdocs.RestDocsTestExecutionListener@43b6123e, org.springframework.boot.test.autoconfigure.web.client.MockRestServiceServerResetTestExecutionListener@260e86a1, org.springframework.boot.test.autoconfigure.web.servlet.MockMvcPrintOnlyOnFailureTestExecutionListener@19648c40, org.springframework.boot.test.autoconfigure.web.servlet.WebDriverTestExecutionListener@12bd8a64, org.springframework.boot.test.autoconfigure.webservices.client.MockWebServiceServerTestExecutionListener@61e94def]
17:59:02.424 [main] DEBUG org.springframework.test.context.support.AbstractDirtiesContextTestExecutionListener - Before test class: context [DefaultTestContext@18bc345 testClass = CustomerIntegrationTest, testInstance = [null], testMethod = [null], testException = [null], mergedContextConfiguration = [WebMergedContextConfiguration@42f8285e testClass = CustomerIntegrationTest, locations = '{}', classes = '{class Customer.Main}', contextInitializerClasses = '[]', activeProfiles = '{}', propertySourceLocations = '{}', propertySourceProperties = '{org.springframework.boot.test.context.SpringBootTestContextBootstrapper=true, server.port=0}', contextCustomizers = set[org.springframework.boot.test.context.filter.ExcludeFilterContextCustomizer@14bdbc74, org.springframework.boot.test.json.DuplicateJsonObjectContextCustomizerFactory$DuplicateJsonObjectContextCustomizer@38145825, org.springframework.boot.test.mock.mockito.MockitoContextCustomizer@0, org.springframework.boot.test.web.client.TestRestTemplateContextCustomizer@3b35a229, org.springframework.boot.test.web.reactive.server.WebTestClientContextCustomizer@5e3f861, org.springframework.boot.test.autoconfigure.actuate.observability.ObservabilityContextCustomizerFactory$DisableObservabilityContextCustomizer@9da1, org.springframework.boot.test.autoconfigure.properties.PropertyMappingContextCustomizer@0, org.springframework.boot.test.autoconfigure.web.servlet.WebDriverContextCustomizerFactory$Customizer@50029372, org.springframework.boot.test.context.SpringBootTestAnnotation@53c53b03], resourceBasePath = 'src/main/webapp', contextLoader = 'org.springframework.boot.test.context.SpringBootContextLoader', parent = [null]], attributes = map['org.springframework.test.context.web.ServletTestExecutionListener.activateListener' -> false]], class annotated with @DirtiesContext [false] with mode [null].
17:59:02.436 [main] DEBUG org.springframework.test.context.support.DependencyInjectionTestExecutionListener - Performing dependency injection for test context [DefaultTestContext@18bc345 testClass = CustomerIntegrationTest, testInstance = Customer.journey.CustomerIntegrationTest@4233e892, testMethod = [null], testException = [null], mergedContextConfiguration = [WebMergedContextConfiguration@42f8285e testClass = CustomerIntegrationTest, locations = '{}', classes = '{class Customer.Main}', contextInitializerClasses = '[]', activeProfiles = '{}', propertySourceLocations = '{}', propertySourceProperties = '{org.springframework.boot.test.context.SpringBootTestContextBootstrapper=true, server.port=0}', contextCustomizers = set[org.springframework.boot.test.context.filter.ExcludeFilterContextCustomizer@14bdbc74, org.springframework.boot.test.json.DuplicateJsonObjectContextCustomizerFactory$DuplicateJsonObjectContextCustomizer@38145825, org.springframework.boot.test.mock.mockito.MockitoContextCustomizer@0, org.springframework.boot.test.web.client.TestRestTemplateContextCustomizer@3b35a229, org.springframework.boot.test.web.reactive.server.WebTestClientContextCustomizer@5e3f861, org.springframework.boot.test.autoconfigure.actuate.observability.ObservabilityContextCustomizerFactory$DisableObservabilityContextCustomizer@9da1, org.springframework.boot.test.autoconfigure.properties.PropertyMappingContextCustomizer@0, org.springframework.boot.test.autoconfigure.web.servlet.WebDriverContextCustomizerFactory$Customizer@50029372, org.springframework.boot.test.context.SpringBootTestAnnotation@53c53b03], resourceBasePath = 'src/main/webapp', contextLoader = 'org.springframework.boot.test.context.SpringBootContextLoader', parent = [null]], attributes = map['org.springframework.test.context.web.ServletTestExecutionListener.activateListener' -> false, 'org.springframework.test.context.event.ApplicationEventsTestExecutionListener.recordApplicationEvents' -> false]]

  .   ____          _            __ _ _
 /\\ / ___'_ __ _ _(_)_ __  __ _ \ \ \ \
( ( )\___ | '_ | '_| | '_ \/ _` | \ \ \ \
 \\/  ___)| |_)| | | | | || (_| |  ) ) ) )
  '  |____| .__|_| |_|_| |_\__, | / / / /
 =========|_|==============|___/=/_/_/_/
 :: Spring Boot ::            (v3.0.0-RC1)

2023-09-12T17:59:02.835+02:00  INFO 5776 --- [           main] C.journey.CustomerIntegrationTest        : Starting CustomerIntegrationTest using Java 19.0.1 on DESKTOP-4TSL4T1 with PID 5776 (started by 023da in C:\Users\023da\OneDrive\Pulpit\Projects\Customer\Customer)
2023-09-12T17:59:02.836+02:00  INFO 5776 --- [           main] C.journey.CustomerIntegrationTest        : No active profile set, falling back to 1 default profile: "default"
2023-09-12T17:59:03.497+02:00  INFO 5776 --- [           main] .s.d.r.c.RepositoryConfigurationDelegate : Multiple Spring Data modules found, entering strict repository configuration mode
2023-09-12T17:59:03.498+02:00  INFO 5776 --- [           main] .s.d.r.c.RepositoryConfigurationDelegate : Bootstrapping Spring Data JDBC repositories in DEFAULT mode.
2023-09-12T17:59:03.527+02:00  INFO 5776 --- [           main] .RepositoryConfigurationExtensionSupport : Spring Data JDBC - Could not safely identify store assignment for repository candidate interface Customer.customer.CustomerRepository; If you want this repository to be a JDBC repository, consider annotating your entities with one of these annotations: org.springframework.data.relational.core.mapping.Table.
2023-09-12T17:59:03.528+02:00  INFO 5776 --- [           main] .s.d.r.c.RepositoryConfigurationDelegate : Finished Spring Data repository scanning in 24 ms. Found 0 JDBC repository interfaces.
2023-09-12T17:59:03.537+02:00  INFO 5776 --- [           main] .s.d.r.c.RepositoryConfigurationDelegate : Multiple Spring Data modules found, entering strict repository configuration mode
2023-09-12T17:59:03.538+02:00  INFO 5776 --- [           main] .s.d.r.c.RepositoryConfigurationDelegate : Bootstrapping Spring Data JPA repositories in DEFAULT mode.
2023-09-12T17:59:03.644+02:00  INFO 5776 --- [           main] .s.d.r.c.RepositoryConfigurationDelegate : Finished Spring Data repository scanning in 99 ms. Found 1 JPA repository interfaces.
2023-09-12T17:59:04.331+02:00  INFO 5776 --- [           main] o.s.b.w.embedded.tomcat.TomcatWebServer  : Tomcat initialized with port(s): 0 (http)
2023-09-12T17:59:04.340+02:00  INFO 5776 --- [           main] o.apache.catalina.core.StandardService   : Starting service [Tomcat]
2023-09-12T17:59:04.340+02:00  INFO 5776 --- [           main] o.apache.catalina.core.StandardEngine    : Starting Servlet engine: [Apache Tomcat/10.0.27]
2023-09-12T17:59:04.483+02:00  INFO 5776 --- [           main] o.a.c.c.C.[Tomcat].[localhost].[/]       : Initializing Spring embedded WebApplicationContext
2023-09-12T17:59:04.484+02:00  INFO 5776 --- [           main] w.s.c.ServletWebServerApplicationContext : Root WebApplicationContext: initialization completed in 1626 ms
2023-09-12T17:59:04.683+02:00  INFO 5776 --- [           main] o.f.c.internal.license.VersionPrinter    : Flyway Community Edition 9.5.0 by Redgate
2023-09-12T17:59:04.683+02:00  INFO 5776 --- [           main] o.f.c.internal.license.VersionPrinter    : See what's new here: https://flywaydb.org/documentation/learnmore/releaseNotes#9.5.0
2023-09-12T17:59:04.683+02:00  INFO 5776 --- [           main] o.f.c.internal.license.VersionPrinter    : 
2023-09-12T17:59:04.697+02:00  INFO 5776 --- [           main] com.zaxxer.hikari.HikariDataSource       : HikariPool-1 - Starting...
2023-09-12T17:59:04.898+02:00  INFO 5776 --- [           main] com.zaxxer.hikari.pool.HikariPool        : HikariPool-1 - Added connection org.postgresql.jdbc.PgConnection@33f4c769
2023-09-12T17:59:04.899+02:00  INFO 5776 --- [           main] com.zaxxer.hikari.HikariDataSource       : HikariPool-1 - Start completed.
2023-09-12T17:59:04.915+02:00  INFO 5776 --- [           main] o.f.c.i.database.base.BaseDatabaseType   : Database: jdbc:postgresql://localhost:5332/customer (PostgreSQL 15.4)
2023-09-12T17:59:04.928+02:00  WARN 5776 --- [           main] o.f.c.internal.database.base.Database    : Flyway upgrade recommended: PostgreSQL 15.4 is newer than this version of Flyway and support has not been tested. The latest supported version of PostgreSQL is 14.
2023-09-12T17:59:04.965+02:00  INFO 5776 --- [           main] o.f.core.internal.command.DbValidate     : Successfully validated 2 migrations (execution time 00:00.026s)
2023-09-12T17:59:05.009+02:00  INFO 5776 --- [           main] o.f.core.internal.command.DbMigrate      : Current version of schema "public": 2
2023-09-12T17:59:05.011+02:00  INFO 5776 --- [           main] o.f.core.internal.command.DbMigrate      : Schema "public" is up to date. No migration necessary.
2023-09-12T17:59:05.189+02:00  INFO 5776 --- [           main] o.hibernate.jpa.internal.util.LogHelper  : HHH000204: Processing PersistenceUnitInfo [name: default]
2023-09-12T17:59:05.250+02:00  INFO 5776 --- [           main] org.hibernate.Version                    : HHH000412: Hibernate ORM core version 6.1.4.Final
2023-09-12T17:59:05.441+02:00  WARN 5776 --- [           main] org.hibernate.orm.deprecation            : HHH90000021: Encountered deprecated setting [javax.persistence.sharedCache.mode], use [jakarta.persistence.sharedCache.mode] instead
2023-09-12T17:59:05.613+02:00  INFO 5776 --- [           main] SQL dialect                              : HHH000400: Using dialect: org.hibernate.dialect.PostgreSQLDialect
2023-09-12T17:59:06.234+02:00  INFO 5776 --- [           main] o.h.e.t.j.p.i.JtaPlatformInitiator       : HHH000490: Using JtaPlatform implementation: [org.hibernate.engine.transaction.jta.platform.internal.NoJtaPlatform]
2023-09-12T17:59:06.241+02:00  INFO 5776 --- [           main] j.LocalContainerEntityManagerFactoryBean : Initialized JPA EntityManagerFactory for persistence unit 'default'
2023-09-12T17:59:06.758+02:00  WARN 5776 --- [           main] JpaBaseConfiguration$JpaWebConfiguration : spring.jpa.open-in-view is enabled by default. Therefore, database queries may be performed during view rendering. Explicitly configure spring.jpa.open-in-view to disable this warning
2023-09-12T17:59:07.280+02:00  INFO 5776 --- [           main] o.s.b.w.embedded.tomcat.TomcatWebServer  : Tomcat started on port(s): 62848 (http) with context path ''
2023-09-12T17:59:07.289+02:00  INFO 5776 --- [           main] C.journey.CustomerIntegrationTest        : Started CustomerIntegrationTest in 4.831 seconds (process running for 5.707)
Hibernate: 
    select
        nextval('customer_id_seq')
Hibernate: 
    insert 
    into
        customer
        (age, email, name, id) 
    values
        (?, ?, ?, ?)
2023-09-12T17:59:08.385+02:00  INFO 5776 --- [o-auto-1-exec-1] o.a.c.c.C.[Tomcat].[localhost].[/]       : Initializing Spring DispatcherServlet 'dispatcherServlet'
2023-09-12T17:59:08.385+02:00  INFO 5776 --- [o-auto-1-exec-1] o.s.web.servlet.DispatcherServlet        : Initializing Servlet 'dispatcherServlet'
2023-09-12T17:59:08.386+02:00  INFO 5776 --- [o-auto-1-exec-1] o.s.web.servlet.DispatcherServlet        : Completed initialization in 1 ms
jdbcTemplate.update = 1
]]></system-out>
  </testcase>
  <testcase name="canDeleteCustomer" classname="Customer.journey.CustomerIntegrationTest" time="0.093">
    <system-out><![CDATA[jdbcTemplate.update = 1
deleteCustomerById = 1
]]></system-out>
  </testcase>
  <testcase name="canUpdateCustomer" classname="Customer.journey.CustomerIntegrationTest" time="0.063">
    <system-out><![CDATA[jdbcTemplate.update = 1
update customer name result = 1
update customer age result = 1
update customer email result = 1
]]></system-out>
  </testcase>
</testsuite>